<?xml version="1.0" encoding="UTF-8"?>
<!-- Generated by org.testng.reporters.JUnitReportReporter -->
<testsuite skipped="0" hostname="DESKTOP-6LJ1RQB" name="Busqueda.Google.Search" tests="4" failures="0" timestamp="03 sep 2019 06:41:17 GMT" time="3.055" errors="0">
  <testcase name="ValidarPalabra" time="0.117" classname="Busqueda.Google.Search"/>
  <testcase name="DigitarPruebas" time="2.726" classname="Busqueda.Google.Search"/>
  <testcase name="ObtenerListaResultados" time="0.082" classname="Busqueda.Google.Search"/>
  <testcase name="ClickSobrePalabra" time="0.130" classname="Busqueda.Google.Search"/>
</testsuite> <!-- Busqueda.Google.Search -->
